2022-10-19 22:13:43,510 INFO [main] org.springframework.boot.StartupInfoLogger: Starting DemoRestApplication using Java 11.0.16.1 on DESKTOP-84SC6H4 with PID 2464 (C:\Users\tarik\Downloads\demo-rest\target\classes started by tarik in C:\Users\tarik\Downloads\demo-rest)
2022-10-19 22:13:43,513 DEBUG [main] org.springframework.boot.StartupInfoLogger: Running with Spring Boot v2.7.4, Spring v5.3.23
2022-10-19 22:13:43,514 INFO [main] org.springframework.boot.SpringApplication: No active profile set, falling back to 1 default profile: "default"
2022-10-19 22:13:44,297 INFO [main] org.springframework.data.repository.config.RepositoryConfigurationDelegate: Bootstrapping Spring Data JPA repositories in DEFAULT mode.
2022-10-19 22:13:44,364 INFO [main] org.springframework.data.repository.config.RepositoryConfigurationDelegate: Finished Spring Data repository scanning in 54 ms. Found 1 JPA repository interfaces.
2022-10-19 22:13:44,957 INFO [main] org.springframework.boot.web.embedded.tomcat.TomcatWebServer: Tomcat initialized with port(s): 8080 (http)
2022-10-19 22:13:44,968 INFO [main] org.apache.juli.logging.DirectJDKLog: Initializing ProtocolHandler ["http-nio-8080"]
2022-10-19 22:13:44,969 INFO [main] org.apache.juli.logging.DirectJDKLog: Starting service [Tomcat]
2022-10-19 22:13:44,970 INFO [main] org.apache.juli.logging.DirectJDKLog: Starting Servlet engine: [Apache Tomcat/9.0.65]
2022-10-19 22:13:45,112 INFO [main] org.apache.juli.logging.DirectJDKLog: Initializing Spring embedded WebApplicationContext
2022-10-19 22:13:45,113 INFO [main] org.springframework.boot.web.servlet.context.ServletWebServerApplicationContext: Root WebApplicationContext: initialization completed in 1545 ms
2022-10-19 22:13:45,148 INFO [main] com.zaxxer.hikari.HikariDataSource: HikariPool-1 - Starting...
2022-10-19 22:13:45,307 INFO [main] com.zaxxer.hikari.HikariDataSource: HikariPool-1 - Start completed.
2022-10-19 22:13:45,323 INFO [main] org.springframework.boot.autoconfigure.h2.H2ConsoleAutoConfiguration: H2 console available at '/DB'. Database available at 'jdbc:h2:mem:userdb'
2022-10-19 22:13:45,502 INFO [main] org.hibernate.jpa.internal.util.LogHelper: HHH000204: Processing PersistenceUnitInfo [name: default]
2022-10-19 22:13:45,574 INFO [main] org.hibernate.Version: HHH000412: Hibernate ORM core version 5.6.11.Final
2022-10-19 22:13:45,765 INFO [main] org.hibernate.annotations.common.reflection.java.JavaReflectionManager: HCANN000001: Hibernate Commons Annotations {5.1.2.Final}
2022-10-19 22:13:45,925 INFO [main] org.hibernate.dialect.Dialect: HHH000400: Using dialect: org.hibernate.dialect.H2Dialect
2022-10-19 22:13:46,681 INFO [main] org.hibernate.engine.transaction.jta.platform.internal.JtaPlatformInitiator: HHH000490: Using JtaPlatform implementation: [org.hibernate.engine.transaction.jta.platform.internal.NoJtaPlatform]
2022-10-19 22:13:46,694 INFO [main] org.springframework.orm.jpa.AbstractEntityManagerFactoryBean: Initialized JPA EntityManagerFactory for persistence unit 'default'
2022-10-19 22:13:47,165 WARN [main] org.springframework.boot.autoconfigure.orm.jpa.JpaBaseConfiguration$JpaWebConfiguration: spring.jpa.open-in-view is enabled by default. Therefore, database queries may be performed during view rendering. Explicitly configure spring.jpa.open-in-view to disable this warning
2022-10-19 22:13:47,563 INFO [main] org.apache.juli.logging.DirectJDKLog: Starting ProtocolHandler ["http-nio-8080"]
2022-10-19 22:13:47,622 INFO [main] org.springframework.boot.web.embedded.tomcat.TomcatWebServer: Tomcat started on port(s): 8080 (http) with context path ''
2022-10-19 22:13:47,645 INFO [main] org.springframework.boot.StartupInfoLogger: Started DemoRestApplication in 4.67 seconds (JVM running for 6.02)
2022-10-19 22:14:22,006 INFO [http-nio-8080-exec-1] org.apache.juli.logging.DirectJDKLog: Initializing Spring DispatcherServlet 'dispatcherServlet'
2022-10-19 22:14:22,008 INFO [http-nio-8080-exec-1] org.springframework.web.servlet.FrameworkServlet: Initializing Servlet 'dispatcherServlet'
2022-10-19 22:14:22,010 INFO [http-nio-8080-exec-1] org.springframework.web.servlet.FrameworkServlet: Completed initialization in 1 ms
2022-10-19 22:14:22,062 INFO [http-nio-8080-exec-1] com.foodtec.demorest.service.UserServiceImpl: Listing users for input(s); name; null date;null income;null
2022-10-19 22:14:22,066 INFO [http-nio-8080-exec-1] com.foodtec.demorest.service.UserServiceImpl: All search criterias are null , returning all users
2022-10-19 22:14:32,594 INFO [http-nio-8080-exec-7] com.foodtec.demorest.service.UserServiceImpl: Listing users for input(s); name; tarik date;null income;null
2022-10-19 22:14:32,594 INFO [http-nio-8080-exec-7] com.foodtec.demorest.service.UserServiceImpl: Returning users with filtered parameters which is name
2022-10-19 22:14:37,120 INFO [http-nio-8080-exec-2] com.foodtec.demorest.service.UserServiceImpl: Listing users for input(s); name; foodtec date;null income;null
2022-10-19 22:14:37,120 INFO [http-nio-8080-exec-2] com.foodtec.demorest.service.UserServiceImpl: Returning users with filtered parameters which is name
2022-10-19 22:14:44,416 INFO [http-nio-8080-exec-3] com.foodtec.demorest.service.UserServiceImpl: Listing users for input(s); name; null date;null income;1000
2022-10-19 22:14:44,417 INFO [http-nio-8080-exec-3] com.foodtec.demorest.service.UserServiceImpl: Returning users with filtered parameter which is income
2022-10-19 22:14:47,182 INFO [http-nio-8080-exec-4] com.foodtec.demorest.service.UserServiceImpl: Listing users for input(s); name; null date;null income;2000
2022-10-19 22:14:47,183 INFO [http-nio-8080-exec-4] com.foodtec.demorest.service.UserServiceImpl: Returning users with filtered parameter which is income
2022-10-19 22:14:50,769 INFO [http-nio-8080-exec-5] com.foodtec.demorest.service.UserServiceImpl: Listing users for input(s); name; null date;null income;3000
2022-10-19 22:14:50,770 INFO [http-nio-8080-exec-5] com.foodtec.demorest.service.UserServiceImpl: Returning users with filtered parameter which is income
2022-10-19 22:14:53,408 INFO [http-nio-8080-exec-9] com.foodtec.demorest.service.UserServiceImpl: Listing users for input(s); name; null date;null income;4000
2022-10-19 22:14:53,409 INFO [http-nio-8080-exec-9] com.foodtec.demorest.service.UserServiceImpl: Returning users with filtered parameter which is income
2022-10-19 22:15:24,070 INFO [http-nio-8080-exec-2] com.foodtec.demorest.service.UserServiceImpl: Listing users for input(s); name; tarik date;null income;4000
2022-10-19 22:15:24,071 INFO [http-nio-8080-exec-2] com.foodtec.demorest.service.UserServiceImpl: Returning users with filtered parameters which are name and income
2022-10-19 22:15:26,484 INFO [http-nio-8080-exec-3] com.foodtec.demorest.service.UserServiceImpl: Listing users for input(s); name; tarik date;null income;1000
2022-10-19 22:15:26,485 INFO [http-nio-8080-exec-3] com.foodtec.demorest.service.UserServiceImpl: Returning users with filtered parameters which are name and income
